<?xml version="1.0" encoding="UTF-8"?>
<!-- Generated by org.testng.reporters.JUnitReportReporter -->
<testsuite hostname="DESKTOP-OHBQ9CF" failures="0" tests="2" name="Test.scenario_03_Test" time="14.004" errors="0" timestamp="2023-03-26T17:07:39 IST" skipped="0">
  <testcase classname="Test.scenario_03_Test" name="validate_Error_Message" time="6.831"/>
  <system-out/>
  <testcase classname="Test.scenario_03_Test" name="validate_Success_Message" time="7.173"/>
  <system-out/>
</testsuite> <!-- Test.scenario_03_Test -->
