<?xml version="1.0" encoding="UTF-8"?>
<!-- Generated by org.testng.reporters.JUnitReportReporter -->
<testsuite hostname="DESKTOP-OHBQ9CF" failures="0" tests="1" name="Test.scenario_03_Test" time="9.155" errors="0" timestamp="2023-03-26T19:27:10 IST" skipped="0">
  <testcase classname="Test.scenario_03_Test" name="validate_Success_Message" time="9.155"/>
  <system-out/>
</testsuite> <!-- Test.scenario_03_Test -->
