<?xml version="1.0" encoding="UTF-8"?>
<!-- Generated by org.testng.reporters.JUnitReportReporter -->
<testsuite hostname="DESKTOP-OHBQ9CF" failures="0" tests="2" name="Test.scenario_01_Test" time="9.013" errors="0" timestamp="2023-03-27T15:36:03 IST" skipped="0">
  <testcase classname="Test.scenario_01_Test" name="validate_Entered_Message" time="5.932"/>
  <system-out/>
  <testcase classname="Test.scenario_01_Test" name="validate_Simple_Form_Demo_URL" time="3.081"/>
  <system-out/>
</testsuite> <!-- Test.scenario_01_Test -->
