<?xml version="1.0" encoding="UTF-8"?>
<!-- Generated by org.testng.reporters.JUnitReportReporter -->
<testsuite hostname="DESKTOP-OHBQ9CF" failures="0" tests="1" name="Test.scenario_02_Test" time="14.498" errors="0" timestamp="2023-03-25T16:55:17 IST" skipped="0">
  <testcase classname="Test.scenario_02_Test" name="validate_Dragged_Value" time="14.498"/>
  <system-out/>
</testsuite> <!-- Test.scenario_02_Test -->
