<?xml version="1.0" encoding="UTF-8"?>
<!-- Generated by org.testng.reporters.JUnitReportReporter -->
<testsuite hostname="DESKTOP-OHBQ9CF" failures="0" tests="1" name="Test.scenario_02_Test" time="12.057" errors="0" timestamp="2023-03-22T22:00:44 IST" skipped="0">
  <testcase classname="Test.scenario_02_Test" name="validate_Dragged_Value" time="12.057"/>
  <system-out/>
</testsuite> <!-- Test.scenario_02_Test -->
