<?xml version="1.0" encoding="UTF-8"?>
<!-- Generated by org.testng.reporters.JUnitReportReporter -->
<testsuite hostname="DESKTOP-OHBQ9CF" failures="0" tests="2" name="Test.scenario_03_Test" time="10.275" errors="0" timestamp="2023-03-29T21:31:08 IST" skipped="0">
  <testcase classname="Test.scenario_03_Test" name="validate_Error_Message" time="2.955"/>
  <system-out/>
  <testcase classname="Test.scenario_03_Test" name="validate_Success_Message" time="7.320"/>
  <system-out/>
</testsuite> <!-- Test.scenario_03_Test -->
