<?xml version="1.0" encoding="UTF-8"?>
<!-- Generated by org.testng.reporters.JUnitReportReporter -->
<testsuite hostname="DESKTOP-OHBQ9CF" failures="0" tests="1" name="Test.scenario_01_Test" time="11.021" errors="0" timestamp="2023-03-25T16:01:16 IST" skipped="0">
  <testcase classname="Test.scenario_01_Test" name="validate_Simple_Form_Demo_URL" time="11.021"/>
  <system-out/>
</testsuite> <!-- Test.scenario_01_Test -->
