<?xml version="1.0" encoding="UTF-8"?>
<!-- Generated by org.testng.reporters.JUnitReportReporter -->
<testsuite hostname="DESKTOP-OHBQ9CF" failures="0" tests="1" name="qa.test.dummy" time="8.966" errors="0" timestamp="2023-03-11T13:07:26 IST" skipped="0">
  <testcase classname="qa.test.dummy" name="test1" time="8.966"/>
  <system-out/>
</testsuite> <!-- qa.test.dummy -->
