<?xml version="1.0" encoding="UTF-8"?>
<!-- Generated by org.testng.reporters.JUnitReportReporter -->
<testsuite hostname="DESKTOP-OHBQ9CF" failures="0" tests="1" name="Test.scenario_01" time="11.156" errors="0" timestamp="2023-03-13T17:41:54 IST" skipped="0">
  <testcase classname="Test.scenario_01" name="validate_Simple_Form_Demo_Page_URL" time="11.156"/>
  <system-out/>
</testsuite> <!-- Test.scenario_01 -->
