<?xml version="1.0" encoding="UTF-8"?>
<!-- Generated by org.testng.reporters.JUnitReportReporter -->
<testsuite hostname="DESKTOP-OHBQ9CF" failures="0" tests="1" name="Factory.Driverfactory" time="8.215" errors="0" timestamp="2023-03-11T19:57:05 IST" skipped="0">
  <testcase classname="Factory.Driverfactory" name="test1" time="8.215"/>
  <system-out/>
</testsuite> <!-- Factory.Driverfactory -->
